<?xml version="1.0" encoding="UTF-8" ?>
<testsuite tests="8" failures="0" name="com.venue.rest.dao.MenuDAOTest" time="0.56" errors="0" skipped="0">
  <properties>
    <property name="java.runtime.name" value="Java(TM) SE Runtime Environment"/>
    <property name="sun.boot.library.path" value="/opt/jdk1.8.0_192/jre/lib/amd64"/>
    <property name="java.vm.version" value="25.192-b12"/>
    <property name="java.vm.vendor" value="Oracle Corporation"/>
    <property name="maven.multiModuleProjectDirectory" value="/mnt/Company/Maven/PracticeVenue"/>
    <property name="java.vendor.url" value="http://java.oracle.com/"/>
    <property name="path.separator" value=":"/>
    <property name="guice.disable.misplaced.annotation.check" value="true"/>
    <property name="java.vm.name" value="Java HotSpot(TM) 64-Bit Server VM"/>
    <property name="file.encoding.pkg" value="sun.io"/>
    <property name="user.country" value="IN"/>
    <property name="sun.java.launcher" value="SUN_STANDARD"/>
    <property name="sun.os.patch.level" value="unknown"/>
    <property name="java.vm.specification.name" value="Java Virtual Machine Specification"/>
    <property name="user.dir" value="/mnt/Company/Maven/PracticeVenue"/>
    <property name="java.runtime.version" value="1.8.0_192-b12"/>
    <property name="java.awt.graphicsenv" value="sun.awt.X11GraphicsEnvironment"/>
    <property name="java.endorsed.dirs" value="/opt/jdk1.8.0_192/jre/lib/endorsed"/>
    <property name="os.arch" value="amd64"/>
    <property name="java.io.tmpdir" value="/tmp"/>
    <property name="line.separator" value="
"/>
    <property name="java.vm.specification.vendor" value="Oracle Corporation"/>
    <property name="os.name" value="Linux"/>
    <property name="classworlds.conf" value="/mnt/Company/Maven/.metadata/.plugins/org.eclipse.m2e.launching/launches/m2conf8177946798875826815.tmp"/>
    <property name="sun.jnu.encoding" value="UTF-8"/>
    <property name="java.library.path" value="/usr/java/packages/lib/amd64:/usr/lib64:/lib64:/lib:/usr/lib"/>
    <property name="java.specification.name" value="Java Platform API Specification"/>
    <property name="java.class.version" value="52.0"/>
    <property name="sun.management.compiler" value="HotSpot 64-Bit Tiered Compilers"/>
    <property name="os.version" value="3.10.0-957.1.3.el7.x86_64"/>
    <property name="user.home" value="/home/sagarbatta"/>
    <property name="user.timezone" value="Asia/Kolkata"/>
    <property name="java.awt.printerjob" value="sun.print.PSPrinterJob"/>
    <property name="file.encoding" value="UTF-8"/>
    <property name="java.specification.version" value="1.8"/>
    <property name="user.name" value="sagarbatta"/>
    <property name="java.class.path" value="/mnt/Company/eclipse/plugins/org.eclipse.m2e.maven.runtime_1.10.0.20181127-2120/jars/plexus-classworlds-2.5.2.jar"/>
    <property name="java.vm.specification.version" value="1.8"/>
    <property name="sun.arch.data.model" value="64"/>
    <property name="java.home" value="/opt/jdk1.8.0_192/jre"/>
    <property name="sun.java.command" value="org.codehaus.plexus.classworlds.launcher.Launcher -B install"/>
    <property name="java.specification.vendor" value="Oracle Corporation"/>
    <property name="user.language" value="en"/>
    <property name="awt.toolkit" value="sun.awt.X11.XToolkit"/>
    <property name="java.vm.info" value="mixed mode"/>
    <property name="java.version" value="1.8.0_192"/>
    <property name="java.ext.dirs" value="/opt/jdk1.8.0_192/jre/lib/ext:/usr/java/packages/lib/ext"/>
    <property name="securerandom.source" value="file:/dev/./urandom"/>
    <property name="sun.boot.class.path" value="/opt/jdk1.8.0_192/jre/lib/resources.jar:/opt/jdk1.8.0_192/jre/lib/rt.jar:/opt/jdk1.8.0_192/jre/lib/sunrsasign.jar:/opt/jdk1.8.0_192/jre/lib/jsse.jar:/opt/jdk1.8.0_192/jre/lib/jce.jar:/opt/jdk1.8.0_192/jre/lib/charsets.jar:/opt/jdk1.8.0_192/jre/lib/jfr.jar:/opt/jdk1.8.0_192/jre/classes"/>
    <property name="java.vendor" value="Oracle Corporation"/>
    <property name="maven.home" value="/mnt/Company/Maven/PracticeVenue/EMBEDDED"/>
    <property name="file.separator" value="/"/>
    <property name="java.vendor.url.bug" value="http://bugreport.sun.com/bugreport/"/>
    <property name="sun.cpu.endian" value="little"/>
    <property name="sun.io.unicode.encoding" value="UnicodeLittle"/>
    <property name="sun.desktop" value="gnome"/>
    <property name="sun.cpu.isalist" value=""/>
  </properties>
  <testcase classname="com.venue.rest.dao.MenuDAOTest" name="checkPlaceSegmentsWhenUserNotInPlace" time="0.132"/>
  <testcase classname="com.venue.rest.dao.MenuDAOTest" name="checkAppBoyAudienceSegments" time="0.346"/>
  <testcase classname="com.venue.rest.dao.MenuDAOTest" name="checkNormalAudienceSegments" time="0.024"/>
  <testcase classname="com.venue.rest.dao.MenuDAOTest" name="checkPlaceAndAudienceSegmentsWhenUserNotInPlaceAndNoPlacesSubmitted" time="0.009"/>
  <testcase classname="com.venue.rest.dao.MenuDAOTest" name="checkPlaceAndAudienceSegmentsWhenUserInplace" time="0.025"/>
  <testcase classname="com.venue.rest.dao.MenuDAOTest" name="checkPlaceSegmentsWhenUserInplace" time="0.006"/>
  <testcase classname="com.venue.rest.dao.MenuDAOTest" name="checkPlaceAndAudienceSegmentsWhenUserNotInPlace" time="0.006"/>
  <testcase classname="com.venue.rest.dao.MenuDAOTest" name="checkPlaceAndAudienceSegmentsWhenUserNotInPlaceAndSubmittedOnePlaceThatMatched" time="0.012"/>
</testsuite>